Copyright 1986-2018 Xilinx, Inc. All Rights Reserved.
-----------------------------------------------------------------------------------------------------------------------------
| Tool Version : Vivado v.2018.2 (lin64) Build 2258646 Thu Jun 14 20:02:38 MDT 2018
| Date         : Fri Nov 16 22:23:23 2018
| Host         : geralt-Lenovo-Y50-70 running 64-bit Ubuntu 16.04.5 LTS
| Command      : report_utilization -file design_1_wrapper_utilization_placed.rpt -pb design_1_wrapper_utilization_placed.pb
| Design       : design_1_wrapper
| Device       : xczu7evffvc1156-2
| Design State : Fully Placed
-----------------------------------------------------------------------------------------------------------------------------

Utilization Design Information

Table of Contents
-----------------
1. CLB Logic
1.1 Summary of Registers by Type
2. CLB Logic Distribution
3. BLOCKRAM
4. ARITHMETIC
5. I/O
6. CLOCK
7. ADVANCED
8. CONFIGURATION
9. Primitives
10. Black Boxes
11. Instantiated Netlists

1. CLB Logic
------------

+----------------------------+-------+-------+-----------+-------+
|          Site Type         |  Used | Fixed | Available | Util% |
+----------------------------+-------+-------+-----------+-------+
| CLB LUTs                   | 69355 |     0 |    230400 | 30.10 |
|   LUT as Logic             | 68382 |     0 |    230400 | 29.68 |
|   LUT as Memory            |   973 |     0 |    101760 |  0.96 |
|     LUT as Distributed RAM |   722 |     0 |           |       |
|     LUT as Shift Register  |   251 |     0 |           |       |
| CLB Registers              | 78622 |     0 |    460800 | 17.06 |
|   Register as Flip Flop    | 78622 |     0 |    460800 | 17.06 |
|   Register as Latch        |     0 |     0 |    460800 |  0.00 |
| CARRY8                     |  1581 |     0 |     28800 |  5.49 |
| F7 Muxes                   |  4446 |     0 |    115200 |  3.86 |
| F8 Muxes                   |  1675 |     0 |     57600 |  2.91 |
| F9 Muxes                   |     0 |     0 |     28800 |  0.00 |
+----------------------------+-------+-------+-----------+-------+


1.1 Summary of Registers by Type
--------------------------------

+-------+--------------+-------------+--------------+
| Total | Clock Enable | Synchronous | Asynchronous |
+-------+--------------+-------------+--------------+
| 0     |            _ |           - |            - |
| 0     |            _ |           - |          Set |
| 0     |            _ |           - |        Reset |
| 0     |            _ |         Set |            - |
| 0     |            _ |       Reset |            - |
| 0     |          Yes |           - |            - |
| 665   |          Yes |           - |          Set |
| 32510 |          Yes |           - |        Reset |
| 307   |          Yes |         Set |            - |
| 45140 |          Yes |       Reset |            - |
+-------+--------------+-------------+--------------+


2. CLB Logic Distribution
-------------------------

+-------------------------------------------+-------+-------+-----------+-------+
|                 Site Type                 |  Used | Fixed | Available | Util% |
+-------------------------------------------+-------+-------+-----------+-------+
| CLB                                       | 15050 |     0 |     28800 | 52.26 |
|   CLBL                                    |  8122 |     0 |           |       |
|   CLBM                                    |  6928 |     0 |           |       |
| LUT as Logic                              | 68382 |     0 |    230400 | 29.68 |
|   using O5 output only                    |   678 |       |           |       |
|   using O6 output only                    | 55834 |       |           |       |
|   using O5 and O6                         | 11870 |       |           |       |
| LUT as Memory                             |   973 |     0 |    101760 |  0.96 |
|   LUT as Distributed RAM                  |   722 |     0 |           |       |
|     using O5 output only                  |     0 |       |           |       |
|     using O6 output only                  |   130 |       |           |       |
|     using O5 and O6                       |   592 |       |           |       |
|   LUT as Shift Register                   |   251 |     0 |           |       |
|     using O5 output only                  |     0 |       |           |       |
|     using O6 output only                  |   251 |       |           |       |
|     using O5 and O6                       |     0 |       |           |       |
| LUT Flip Flop Pairs                       | 25726 |     0 |    230400 | 11.17 |
|   fully used LUT-FF pairs                 |  5019 |       |           |       |
|   LUT-FF pairs with one unused LUT output | 20056 |       |           |       |
|   LUT-FF pairs with one unused Flip Flop  | 18091 |       |           |       |
| Unique Control Sets                       |  4104 |       |           |       |
+-------------------------------------------+-------+-------+-----------+-------+
* Note: Review the Control Sets Report for more information regarding control sets.


3. BLOCKRAM
-----------

+-------------------+------+-------+-----------+-------+
|     Site Type     | Used | Fixed | Available | Util% |
+-------------------+------+-------+-----------+-------+
| Block RAM Tile    |   93 |     0 |       312 | 29.81 |
|   RAMB36/FIFO*    |   88 |     0 |       312 | 28.21 |
|     RAMB36E2 only |   88 |       |           |       |
|   RAMB18          |   10 |     0 |       624 |  1.60 |
|     RAMB18E2 only |   10 |       |           |       |
| URAM              |    0 |     0 |        96 |  0.00 |
+-------------------+------+-------+-----------+-------+
* Note: Each Block RAM Tile only has one FIFO logic available and therefore can accommodate only one FIFO36E2 or one FIFO18E2. However, if a FIFO18E2 occupies a Block RAM Tile, that tile can still accommodate a RAMB18E2


4. ARITHMETIC
-------------

+----------------+------+-------+-----------+-------+
|    Site Type   | Used | Fixed | Available | Util% |
+----------------+------+-------+-----------+-------+
| DSPs           |   32 |     0 |      1728 |  1.85 |
|   DSP48E2 only |   32 |       |           |       |
+----------------+------+-------+-----------+-------+


5. I/O
------

+------------------+------+-------+-----------+-------+
|     Site Type    | Used | Fixed | Available | Util% |
+------------------+------+-------+-----------+-------+
| Bonded IOB       |    0 |     0 |       360 |  0.00 |
| HPIOB_M          |    0 |     0 |       144 |  0.00 |
| HPIOB_S          |    0 |     0 |       144 |  0.00 |
| HDIOB_M          |    0 |     0 |        24 |  0.00 |
| HDIOB_S          |    0 |     0 |        24 |  0.00 |
| HPIOB_SNGL       |    0 |     0 |        24 |  0.00 |
| HPIOBDIFFINBUF   |    0 |     0 |       192 |  0.00 |
| HPIOBDIFFOUTBUF  |    0 |     0 |       192 |  0.00 |
| HDIOBDIFFINBUF   |    0 |     0 |        48 |  0.00 |
| BITSLICE_CONTROL |    0 |     0 |        64 |  0.00 |
| BITSLICE_RX_TX   |    0 |     0 |       416 |  0.00 |
| BITSLICE_TX      |    0 |     0 |        64 |  0.00 |
| RIU_OR           |    0 |     0 |        32 |  0.00 |
+------------------+------+-------+-----------+-------+


6. CLOCK
--------

+----------------------+------+-------+-----------+-------+
|       Site Type      | Used | Fixed | Available | Util% |
+----------------------+------+-------+-----------+-------+
| GLOBAL CLOCK BUFFERs |   15 |     0 |       544 |  2.76 |
|   BUFGCE             |   14 |     0 |       208 |  6.73 |
|   BUFGCE_DIV         |    0 |     0 |        32 |  0.00 |
|   BUFG_GT            |    0 |     0 |       144 |  0.00 |
|   BUFG_PS            |    1 |     0 |        96 |  1.04 |
|   BUFGCTRL*          |    0 |     0 |        64 |  0.00 |
| PLL                  |    0 |     0 |        16 |  0.00 |
| MMCM                 |    0 |     0 |         8 |  0.00 |
+----------------------+------+-------+-----------+-------+
* Note: Each used BUFGCTRL counts as two global buffer resources. This table does not include global clocking resources, only buffer cell usage. See the Clock Utilization Report (report_clock_utilization) for detailed accounting of global clocking resource availability.


7. ADVANCED
-----------

+-----------------+------+-------+-----------+--------+
|    Site Type    | Used | Fixed | Available |  Util% |
+-----------------+------+-------+-----------+--------+
| GTHE4_CHANNEL   |    0 |     0 |        20 |   0.00 |
| GTHE4_COMMON    |    0 |     0 |         5 |   0.00 |
| OBUFDS_GTE4     |    0 |     0 |        10 |   0.00 |
| OBUFDS_GTE4_ADV |    0 |     0 |        10 |   0.00 |
| PCIE40E4        |    0 |     0 |         2 |   0.00 |
| PS8             |    1 |     0 |         1 | 100.00 |
| SYSMONE4        |    0 |     0 |         1 |   0.00 |
| VCU             |    0 |     0 |         1 |   0.00 |
+-----------------+------+-------+-----------+--------+


8. CONFIGURATION
----------------

+-------------+------+-------+-----------+-------+
|  Site Type  | Used | Fixed | Available | Util% |
+-------------+------+-------+-----------+-------+
| BSCANE2     |    0 |     0 |         4 |  0.00 |
| DNA_PORTE2  |    0 |     0 |         1 |  0.00 |
| EFUSE_USR   |    0 |     0 |         1 |  0.00 |
| FRAME_ECCE4 |    0 |     0 |         1 |  0.00 |
| ICAPE3      |    0 |     0 |         2 |  0.00 |
| MASTER_JTAG |    0 |     0 |         1 |  0.00 |
| STARTUPE3   |    0 |     0 |         1 |  0.00 |
+-------------+------+-------+-----------+-------+


9. Primitives
-------------

+----------+-------+---------------------+
| Ref Name |  Used | Functional Category |
+----------+-------+---------------------+
| FDRE     | 45140 |            Register |
| FDCE     | 32510 |            Register |
| LUT6     | 29350 |                 CLB |
| LUT4     | 18218 |                 CLB |
| LUT3     | 13276 |                 CLB |
| LUT5     | 12751 |                 CLB |
| LUT2     |  6233 |                 CLB |
| MUXF7    |  4446 |                 CLB |
| MUXF8    |  1675 |                 CLB |
| CARRY8   |  1581 |                 CLB |
| RAMD32   |  1038 |                 CLB |
| FDPE     |   665 |            Register |
| LUT1     |   424 |                 CLB |
| FDSE     |   307 |            Register |
| SRLC32E  |   216 |                 CLB |
| RAMS32   |   148 |                 CLB |
| RAMD64E  |   128 |                 CLB |
| RAMB36E2 |    88 |           Block Ram |
| SRL16E   |    35 |                 CLB |
| DSP48E2  |    32 |          Arithmetic |
| BUFGCE   |    14 |               Clock |
| RAMB18E2 |    10 |           Block Ram |
| PS8      |     1 |            Advanced |
| BUFG_PS  |     1 |               Clock |
+----------+-------+---------------------+


10. Black Boxes
---------------

+----------+------+
| Ref Name | Used |
+----------+------+


11. Instantiated Netlists
-------------------------

+----------+------+
| Ref Name | Used |
+----------+------+


