Copyright 1986-2018 Xilinx, Inc. All Rights Reserved.
------------------------------------------------------------------------------------
| Tool Version : Vivado v.2018.2 (lin64) Build 2258646 Thu Jun 14 20:02:38 MDT 2018
| Date         : Fri Nov 16 21:53:29 2018
| Host         : geralt-Lenovo-Y50-70 running 64-bit Ubuntu 16.04.5 LTS
| Command      : upgrade_ip
| Device       : xczu7ev-ffvc1156-2-e
------------------------------------------------------------------------------------

Upgrade Log for IP 'design_1_nvdla_0_0'

1. Summary
----------

SUCCESS in the upgrade of design_1_nvdla_0_0 (user.org:user:nvdla:1.0) from (Rev. 13) to (Rev. 14)






Copyright 1986-2018 Xilinx, Inc. All Rights Reserved.
------------------------------------------------------------------------------------
| Tool Version : Vivado v.2018.2 (lin64) Build 2258646 Thu Jun 14 20:02:38 MDT 2018
| Date         : Fri Nov 16 19:26:21 2018
| Host         : geralt-Lenovo-Y50-70 running 64-bit Ubuntu 16.04.5 LTS
| Command      : upgrade_ip
| Device       : xczu7ev-ffvc1156-2-e
------------------------------------------------------------------------------------

Upgrade Log for IP 'design_1_nvdla_0_0'

1. Summary
----------

SUCCESS in the upgrade of design_1_nvdla_0_0 (user.org:user:nvdla:1.0) from (Rev. 12) to (Rev. 13)






Copyright 1986-2018 Xilinx, Inc. All Rights Reserved.
------------------------------------------------------------------------------------
| Tool Version : Vivado v.2018.2 (lin64) Build 2258646 Thu Jun 14 20:02:38 MDT 2018
| Date         : Fri Nov 16 18:41:32 2018
| Host         : geralt-Lenovo-Y50-70 running 64-bit Ubuntu 16.04.5 LTS
| Command      : upgrade_ip
| Device       : xczu7ev-ffvc1156-2-e
------------------------------------------------------------------------------------

Upgrade Log for IP 'design_1_nvdla_0_0'

1. Summary
----------

SUCCESS in the upgrade of design_1_nvdla_0_0 (user.org:user:nvdla:1.0) from (Rev. 11) to (Rev. 12)






Copyright 1986-2018 Xilinx, Inc. All Rights Reserved.
------------------------------------------------------------------------------------
| Tool Version : Vivado v.2018.2 (lin64) Build 2258646 Thu Jun 14 20:02:38 MDT 2018
| Date         : Fri Nov 16 16:38:20 2018
| Host         : geralt-Lenovo-Y50-70 running 64-bit Ubuntu 16.04.5 LTS
| Command      : upgrade_ip
| Device       : xczu7ev-ffvc1156-2-e
------------------------------------------------------------------------------------

Upgrade Log for IP 'design_1_nvdla_0_0'

1. Summary
----------

SUCCESS in the upgrade of design_1_nvdla_0_0 (user.org:user:nvdla:1.0) from (Rev. 10) to (Rev. 11)






Copyright 1986-2018 Xilinx, Inc. All Rights Reserved.
------------------------------------------------------------------------------------
| Tool Version : Vivado v.2018.2 (lin64) Build 2258646 Thu Jun 14 20:02:38 MDT 2018
| Date         : Fri Nov 16 15:53:42 2018
| Host         : geralt-Lenovo-Y50-70 running 64-bit Ubuntu 16.04.5 LTS
| Command      : upgrade_ip
| Device       : xczu7ev-ffvc1156-2-e
------------------------------------------------------------------------------------

Upgrade Log for IP 'design_1_nvdla_0_0'

1. Summary
----------

SUCCESS in the upgrade of design_1_nvdla_0_0 (user.org:user:nvdla:1.0) from (Rev. 9) to (Rev. 10)






Copyright 1986-2018 Xilinx, Inc. All Rights Reserved.
------------------------------------------------------------------------------------
| Tool Version : Vivado v.2018.2 (lin64) Build 2258646 Thu Jun 14 20:02:38 MDT 2018
| Date         : Fri Nov 16 13:32:09 2018
| Host         : geralt-Lenovo-Y50-70 running 64-bit Ubuntu 16.04.5 LTS
| Command      : upgrade_ip
| Device       : xczu7ev-ffvc1156-2-e
------------------------------------------------------------------------------------

Upgrade Log for IP 'design_1_nvdla_0_0'

1. Summary
----------

CAUTION (success, with warnings) in the upgrade of design_1_nvdla_0_0 (user.org:user:nvdla:1.0) from (Rev. 7) to (Rev. 8)

After upgrade, an IP may have parameter and port differences compared to the original customization. Please review the parameters within the IP customization GUI to ensure proper functionality. Also, please review the updated IP instantiation template to ensure proper connectivity, and update your design if required.

2. Interface Information
------------------------

Detected external interface differences while upgrading 'design_1_nvdla_0_0'.


-Upgrade has added interface 'S_APB' (xilinx.com:interface:apb:1.0)

-Upgrade has added interface 'dla_intr' (xilinx.com:signal:interrupt:1.0)


3. Connection Warnings
----------------------

Detected external port differences while upgrading 'design_1_nvdla_0_0'. These changes may impact your design.


-Upgrade has added port 'dla_intr'

-Upgrade has added port 'paddr'

-Upgrade has added port 'penable'

-Upgrade has added port 'pprot'

-Upgrade has added port 'prdata'

-Upgrade has added port 'pready'

-Upgrade has added port 'psel'

-Upgrade has added port 'pslverr'

-Upgrade has added port 'pstrb'

-Upgrade has added port 'pwdata'

-Upgrade has added port 'pwrite'







Copyright 1986-2018 Xilinx, Inc. All Rights Reserved.
------------------------------------------------------------------------------------
| Tool Version : Vivado v.2018.2 (lin64) Build 2258646 Thu Jun 14 20:02:38 MDT 2018
| Date         : Fri Nov 16 13:07:36 2018
| Host         : geralt-Lenovo-Y50-70 running 64-bit Ubuntu 16.04.5 LTS
| Command      : upgrade_ip
| Device       : xczu7ev-ffvc1156-2-e
------------------------------------------------------------------------------------

Upgrade Log for IP 'design_1_nvdla_0_0'

1. Summary
----------

CAUTION (success, with warnings) in the upgrade of design_1_nvdla_0_0 (user.org:user:nvdla:1.0) from (Rev. 5) to (Rev. 6)

2. Interface Information
------------------------

Detected external interface differences while upgrading 'design_1_nvdla_0_0'.


-Upgrade has removed interface 'S_APB'


